c:\users\ksandros\documents\education\aubg\cos & inf\cos 221 fundamental data structurres\project\cubifier\cubifier\x64\debug\vc120.pdb
c:\users\ksandros\documents\education\aubg\cos & inf\cos 221 fundamental data structurres\project\cubifier\cubifier\x64\debug\vc120.idb
c:\users\ksandros\documents\education\aubg\cos & inf\cos 221 fundamental data structurres\project\cubifier\cubifier\x64\debug\game.obj
c:\users\ksandros\documents\education\aubg\cos & inf\cos 221 fundamental data structurres\project\cubifier\cubifier\x64\debug\source.obj
c:\users\ksandros\documents\education\aubg\cos & inf\cos 221 fundamental data structurres\project\cubifier\cubifier\x64\debug\cuboid.obj
c:\users\ksandros\documents\education\aubg\cos & inf\cos 221 fundamental data structurres\project\cubifier\cubifier\x64\debug\regular_tile.obj
c:\users\ksandros\documents\education\aubg\cos & inf\cos 221 fundamental data structurres\project\cubifier\cubifier\x64\debug\empty_tile.obj
c:\users\ksandros\documents\education\aubg\cos & inf\cos 221 fundamental data structurres\project\cubifier\cubifier\x64\debug\mainmenu.obj
c:\users\ksandros\documents\education\aubg\cos & inf\cos 221 fundamental data structurres\project\cubifier\cubifier\x64\debug\welcome.obj
c:\users\ksandros\documents\education\aubg\cos & inf\cos 221 fundamental data structurres\project\cubifier\cubifier\x64\debug\winning_tile.obj
c:\users\ksandros\documents\education\aubg\cos & inf\cos 221 fundamental data structurres\project\cubifier\cubifier\x64\debug\gamelost.obj
c:\users\ksandros\documents\education\aubg\cos & inf\cos 221 fundamental data structurres\project\cubifier\cubifier\x64\debug\gamewon.obj
c:\users\ksandros\documents\education\aubg\cos & inf\cos 221 fundamental data structurres\project\cubifier\cubifier\x64\debug\positionoriented_tile.obj
c:\users\ksandros\documents\education\aubg\cos & inf\cos 221 fundamental data structurres\project\cubifier\cubifier\x64\debug\bcontrolled_tile.obj
c:\users\ksandros\documents\education\aubg\cos & inf\cos 221 fundamental data structurres\project\cubifier\cubifier\x64\debug\button_tile.obj
c:\users\ksandros\documents\education\aubg\cos & inf\cos 221 fundamental data structurres\project\cubifier\cubifier\x64\debug\pobutton_tile.obj
c:\users\ksandros\documents\education\aubg\cos & inf\cos 221 fundamental data structurres\project\cubifier\x64\debug\cubifier.ilk
c:\users\ksandros\documents\education\aubg\cos & inf\cos 221 fundamental data structurres\project\cubifier\x64\debug\cubifier.exe
c:\users\ksandros\documents\education\aubg\cos & inf\cos 221 fundamental data structurres\project\cubifier\x64\debug\cubifier.pdb
c:\users\ksandros\documents\education\aubg\cos & inf\cos 221 fundamental data structurres\project\cubifier\cubifier\x64\debug\cubifier.tlog\cl.command.1.tlog
c:\users\ksandros\documents\education\aubg\cos & inf\cos 221 fundamental data structurres\project\cubifier\cubifier\x64\debug\cubifier.tlog\cl.read.1.tlog
c:\users\ksandros\documents\education\aubg\cos & inf\cos 221 fundamental data structurres\project\cubifier\cubifier\x64\debug\cubifier.tlog\cl.write.1.tlog
c:\users\ksandros\documents\education\aubg\cos & inf\cos 221 fundamental data structurres\project\cubifier\cubifier\x64\debug\cubifier.tlog\link.command.1.tlog
c:\users\ksandros\documents\education\aubg\cos & inf\cos 221 fundamental data structurres\project\cubifier\cubifier\x64\debug\cubifier.tlog\link.read.1.tlog
c:\users\ksandros\documents\education\aubg\cos & inf\cos 221 fundamental data structurres\project\cubifier\cubifier\x64\debug\cubifier.tlog\link.write.1.tlog
